
AVRASM ver. 2.1.30  D:\Vixulyck\List\vixuli.asm Tue Dec 26 13:22:26 2023

D:\Vixulyck\List\vixuli.asm(1059): warning: Register r4 already defined by the .DEF directive
D:\Vixulyck\List\vixuli.asm(1060): warning: Register r6 already defined by the .DEF directive
D:\Vixulyck\List\vixuli.asm(1061): warning: Register r8 already defined by the .DEF directive
D:\Vixulyck\List\vixuli.asm(1062): warning: Register r10 already defined by the .DEF directive
D:\Vixulyck\List\vixuli.asm(1063): warning: Register r12 already defined by the .DEF directive
                 
                 
                 ;CodeVisionAVR C Compiler V2.05.0 Professional
                 ;(C) Copyright 1998-2010 Pavel Haiduc, HP InfoTech s.r.l.
                 ;http://www.hpinfotech.com
                 
                 ;Chip type                : ATmega16
                 ;Program type             : Application
                 ;Clock frequency          : 8.000000 MHz
                 ;Memory model             : Small
                 ;Optimize for             : Size
                 ;(s)printf features       : int, width
                 ;(s)scanf features        : int, width
                 ;External RAM size        : 0
                 ;Data Stack size          : 256 byte(s)
                 ;Heap size                : 0 byte(s)
                 ;Promote 'char' to 'int'  : Yes
                 ;'char' is unsigned       : Yes
                 ;8 bit enums              : Yes
                 ;global 'const' stored in FLASH: No
                 ;Enhanced core instructions    : On
                 ;Smart register allocation     : On
                 ;Automatic register allocation : On
                 
                 	#pragma AVRPART ADMIN PART_NAME ATmega16
                 	#pragma AVRPART MEMORY PROG_FLASH 16384
                 	#pragma AVRPART MEMORY EEPROM 512
                 	#pragma AVRPART MEMORY INT_SRAM SIZE 1119
                 	#pragma AVRPART MEMORY INT_SRAM START_ADDR 0x60
                 
                 	#define CALL_SUPPORTED 1
                 
                 	.LISTMAC
                 	.EQU UDRE=0x5
                 	.EQU RXC=0x7
                 	.EQU USR=0xB
                 	.EQU UDR=0xC
                 	.EQU SPSR=0xE
                 	.EQU SPDR=0xF
                 	.EQU EERE=0x0
                 	.EQU EEWE=0x1
                 	.EQU EEMWE=0x2
                 	.EQU EECR=0x1C
                 	.EQU EEDR=0x1D
                 	.EQU EEARL=0x1E
                 	.EQU EEARH=0x1F
                 	.EQU WDTCR=0x21
                 	.EQU MCUCR=0x35
                 	.EQU GICR=0x3B
                 	.EQU SPL=0x3D
                 	.EQU SPH=0x3E
                 	.EQU SREG=0x3F
                 
                 	.DEF R0X0=R0
                 	.DEF R0X1=R1
                 	.DEF R0X2=R2
                 	.DEF R0X3=R3
                 	.DEF R0X4=R4
                 	.DEF R0X5=R5
                 	.DEF R0X6=R6
                 	.DEF R0X7=R7
                 	.DEF R0X8=R8
                 	.DEF R0X9=R9
                 	.DEF R0XA=R10
                 	.DEF R0XB=R11
                 	.DEF R0XC=R12
                 	.DEF R0XD=R13
                 	.DEF R0XE=R14
                 	.DEF R0XF=R15
                 	.DEF R0X10=R16
                 	.DEF R0X11=R17
                 	.DEF R0X12=R18
                 	.DEF R0X13=R19
                 	.DEF R0X14=R20
                 	.DEF R0X15=R21
                 	.DEF R0X16=R22
                 	.DEF R0X17=R23
                 	.DEF R0X18=R24
                 	.DEF R0X19=R25
                 	.DEF R0X1A=R26
                 	.DEF R0X1B=R27
                 	.DEF R0X1C=R28
                 	.DEF R0X1D=R29
                 	.DEF R0X1E=R30
                 	.DEF R0X1F=R31
                 
                 	.EQU __SRAM_START=0x0060
                 	.EQU __SRAM_END=0x045F
                 	.EQU __DSTACK_SIZE=0x0100
                 	.EQU __HEAP_SIZE=0x0000
                 	.EQU __CLEAR_SRAM_SIZE=__SRAM_END-__SRAM_START+1
                 
                 	.MACRO __CPD1N
                 	CPI  R30,LOW(@0)
                 	LDI  R26,HIGH(@0)
                 	CPC  R31,R26
                 	LDI  R26,BYTE3(@0)
                 	CPC  R22,R26
                 	LDI  R26,BYTE4(@0)
                 	CPC  R23,R26
                 	.ENDM
                 
                 	.MACRO __CPD2N
                 	CPI  R26,LOW(@0)
                 	LDI  R30,HIGH(@0)
                 	CPC  R27,R30
                 	LDI  R30,BYTE3(@0)
                 	CPC  R24,R30
                 	LDI  R30,BYTE4(@0)
                 	CPC  R25,R30
                 	.ENDM
                 
                 	.MACRO __CPWRR
                 	CP   R@0,R@2
                 	CPC  R@1,R@3
                 	.ENDM
                 
                 	.MACRO __CPWRN
                 	CPI  R@0,LOW(@2)
                 	LDI  R30,HIGH(@2)
                 	CPC  R@1,R30
                 	.ENDM
                 
                 	.MACRO __ADDB1MN
                 	SUBI R30,LOW(-@0-(@1))
                 	.ENDM
                 
                 	.MACRO __ADDB2MN
                 	SUBI R26,LOW(-@0-(@1))
                 	.ENDM
                 
                 	.MACRO __ADDW1MN
                 	SUBI R30,LOW(-@0-(@1))
                 	SBCI R31,HIGH(-@0-(@1))
                 	.ENDM
                 
                 	.MACRO __ADDW2MN
                 	SUBI R26,LOW(-@0-(@1))
                 	SBCI R27,HIGH(-@0-(@1))
                 	.ENDM
                 
                 	.MACRO __ADDW1FN
                 	SUBI R30,LOW(-2*@0-(@1))
                 	SBCI R31,HIGH(-2*@0-(@1))
                 	.ENDM
                 
                 	.MACRO __ADDD1FN
                 	SUBI R30,LOW(-2*@0-(@1))
                 	SBCI R31,HIGH(-2*@0-(@1))
                 	SBCI R22,BYTE3(-2*@0-(@1))
                 	.ENDM
                 
                 	.MACRO __ADDD1N
                 	SUBI R30,LOW(-@0)
                 	SBCI R31,HIGH(-@0)
                 	SBCI R22,BYTE3(-@0)
                 	SBCI R23,BYTE4(-@0)
                 	.ENDM
                 
                 	.MACRO __ADDD2N
                 	SUBI R26,LOW(-@0)
                 	SBCI R27,HIGH(-@0)
                 	SBCI R24,BYTE3(-@0)
                 	SBCI R25,BYTE4(-@0)
                 	.ENDM
                 
                 	.MACRO __SUBD1N
                 	SUBI R30,LOW(@0)
                 	SBCI R31,HIGH(@0)
                 	SBCI R22,BYTE3(@0)
                 	SBCI R23,BYTE4(@0)
                 	.ENDM
                 
                 	.MACRO __SUBD2N
                 	SUBI R26,LOW(@0)
                 	SBCI R27,HIGH(@0)
                 	SBCI R24,BYTE3(@0)
                 	SBCI R25,BYTE4(@0)
                 	.ENDM
                 
                 	.MACRO __ANDBMNN
                 	LDS  R30,@0+(@1)
                 	ANDI R30,LOW(@2)
                 	STS  @0+(@1),R30
                 	.ENDM
                 
                 	.MACRO __ANDWMNN
                 	LDS  R30,@0+(@1)
                 	ANDI R30,LOW(@2)
                 	STS  @0+(@1),R30
                 	LDS  R30,@0+(@1)+1
                 	ANDI R30,HIGH(@2)
                 	STS  @0+(@1)+1,R30
                 	.ENDM
                 
                 	.MACRO __ANDD1N
                 	ANDI R30,LOW(@0)
                 	ANDI R31,HIGH(@0)
                 	ANDI R22,BYTE3(@0)
                 	ANDI R23,BYTE4(@0)
                 	.ENDM
                 
                 	.MACRO __ANDD2N
                 	ANDI R26,LOW(@0)
                 	ANDI R27,HIGH(@0)
                 	ANDI R24,BYTE3(@0)
                 	ANDI R25,BYTE4(@0)
                 	.ENDM
                 
                 	.MACRO __ORBMNN
                 	LDS  R30,@0+(@1)
                 	ORI  R30,LOW(@2)
                 	STS  @0+(@1),R30
                 	.ENDM
                 
                 	.MACRO __ORWMNN
                 	LDS  R30,@0+(@1)
                 	ORI  R30,LOW(@2)
                 	STS  @0+(@1),R30
                 	LDS  R30,@0+(@1)+1
                 	ORI  R30,HIGH(@2)
                 	STS  @0+(@1)+1,R30
                 	.ENDM
                 
                 	.MACRO __ORD1N
                 	ORI  R30,LOW(@0)
                 	ORI  R31,HIGH(@0)
                 	ORI  R22,BYTE3(@0)
                 	ORI  R23,BYTE4(@0)
                 	.ENDM
                 
                 	.MACRO __ORD2N
                 	ORI  R26,LOW(@0)
                 	ORI  R27,HIGH(@0)
                 	ORI  R24,BYTE3(@0)
                 	ORI  R25,BYTE4(@0)
                 	.ENDM
                 
                 	.MACRO __DELAY_USB
                 	LDI  R24,LOW(@0)
                 __DELAY_USB_LOOP:
                 	DEC  R24
                 	BRNE __DELAY_USB_LOOP
                 	.ENDM
                 
                 	.MACRO __DELAY_USW
                 	LDI  R24,LOW(@0)
                 	LDI  R25,HIGH(@0)
                 __DELAY_USW_LOOP:
                 	SBIW R24,1
                 	BRNE __DELAY_USW_LOOP
                 	.ENDM
                 
                 	.MACRO __GETD1S
                 	LDD  R30,Y+@0
                 	LDD  R31,Y+@0+1
                 	LDD  R22,Y+@0+2
                 	LDD  R23,Y+@0+3
                 	.ENDM
                 
                 	.MACRO __GETD2S
                 	LDD  R26,Y+@0
                 	LDD  R27,Y+@0+1
                 	LDD  R24,Y+@0+2
                 	LDD  R25,Y+@0+3
                 	.ENDM
                 
                 	.MACRO __PUTD1S
                 	STD  Y+@0,R30
                 	STD  Y+@0+1,R31
                 	STD  Y+@0+2,R22
                 	STD  Y+@0+3,R23
                 	.ENDM
                 
                 	.MACRO __PUTD2S
                 	STD  Y+@0,R26
                 	STD  Y+@0+1,R27
                 	STD  Y+@0+2,R24
                 	STD  Y+@0+3,R25
                 	.ENDM
                 
                 	.MACRO __PUTDZ2
                 	STD  Z+@0,R26
                 	STD  Z+@0+1,R27
                 	STD  Z+@0+2,R24
                 	STD  Z+@0+3,R25
                 	.ENDM
                 
                 	.MACRO __CLRD1S
                 	STD  Y+@0,R30
                 	STD  Y+@0+1,R30
                 	STD  Y+@0+2,R30
                 	STD  Y+@0+3,R30
                 	.ENDM
                 
                 	.MACRO __POINTB1MN
                 	LDI  R30,LOW(@0+(@1))
                 	.ENDM
                 
                 	.MACRO __POINTW1MN
                 	LDI  R30,LOW(@0+(@1))
                 	LDI  R31,HIGH(@0+(@1))
                 	.ENDM
                 
                 	.MACRO __POINTD1M
                 	LDI  R30,LOW(@0)
                 	LDI  R31,HIGH(@0)
                 	LDI  R22,BYTE3(@0)
                 	LDI  R23,BYTE4(@0)
                 	.ENDM
                 
                 	.MACRO __POINTW1FN
                 	LDI  R30,LOW(2*@0+(@1))
                 	LDI  R31,HIGH(2*@0+(@1))
                 	.ENDM
                 
                 	.MACRO __POINTD1FN
                 	LDI  R30,LOW(2*@0+(@1))
                 	LDI  R31,HIGH(2*@0+(@1))
                 	LDI  R22,BYTE3(2*@0+(@1))
                 	LDI  R23,BYTE4(2*@0+(@1))
                 	.ENDM
                 
                 	.MACRO __POINTB2MN
                 	LDI  R26,LOW(@0+(@1))
                 	.ENDM
                 
                 	.MACRO __POINTW2MN
                 	LDI  R26,LOW(@0+(@1))
                 	LDI  R27,HIGH(@0+(@1))
                 	.ENDM
                 
                 	.MACRO __POINTBRM
                 	LDI  R@0,LOW(@1)
                 	.ENDM
                 
                 	.MACRO __POINTWRM
                 	LDI  R@0,LOW(@2)
                 	LDI  R@1,HIGH(@2)
                 	.ENDM
                 
                 	.MACRO __POINTBRMN
                 	LDI  R@0,LOW(@1+(@2))
                 	.ENDM
                 
                 	.MACRO __POINTWRMN
                 	LDI  R@0,LOW(@2+(@3))
                 	LDI  R@1,HIGH(@2+(@3))
                 	.ENDM
                 
                 	.MACRO __POINTWRFN
                 	LDI  R@0,LOW(@2*2+(@3))
                 	LDI  R@1,HIGH(@2*2+(@3))
                 	.ENDM
                 
                 	.MACRO __GETD1N
                 	LDI  R30,LOW(@0)
                 	LDI  R31,HIGH(@0)
                 	LDI  R22,BYTE3(@0)
                 	LDI  R23,BYTE4(@0)
                 	.ENDM
                 
                 	.MACRO __GETD2N
                 	LDI  R26,LOW(@0)
                 	LDI  R27,HIGH(@0)
                 	LDI  R24,BYTE3(@0)
                 	LDI  R25,BYTE4(@0)
                 	.ENDM
                 
                 	.MACRO __GETB1MN
                 	LDS  R30,@0+(@1)
                 	.ENDM
                 
                 	.MACRO __GETB1HMN
                 	LDS  R31,@0+(@1)
                 	.ENDM
                 
                 	.MACRO __GETW1MN
                 	LDS  R30,@0+(@1)
                 	LDS  R31,@0+(@1)+1
                 	.ENDM
                 
                 	.MACRO __GETD1MN
                 	LDS  R30,@0+(@1)
                 	LDS  R31,@0+(@1)+1
                 	LDS  R22,@0+(@1)+2
                 	LDS  R23,@0+(@1)+3
                 	.ENDM
                 
                 	.MACRO __GETBRMN
                 	LDS  R@0,@1+(@2)
                 	.ENDM
                 
                 	.MACRO __GETWRMN
                 	LDS  R@0,@2+(@3)
                 	LDS  R@1,@2+(@3)+1
                 	.ENDM
                 
                 	.MACRO __GETWRZ
                 	LDD  R@0,Z+@2
                 	LDD  R@1,Z+@2+1
                 	.ENDM
                 
                 	.MACRO __GETD2Z
                 	LDD  R26,Z+@0
                 	LDD  R27,Z+@0+1
                 	LDD  R24,Z+@0+2
                 	LDD  R25,Z+@0+3
                 	.ENDM
                 
                 	.MACRO __GETB2MN
                 	LDS  R26,@0+(@1)
                 	.ENDM
                 
                 	.MACRO __GETW2MN
                 	LDS  R26,@0+(@1)
                 	LDS  R27,@0+(@1)+1
                 	.ENDM
                 
                 	.MACRO __GETD2MN
                 	LDS  R26,@0+(@1)
                 	LDS  R27,@0+(@1)+1
                 	LDS  R24,@0+(@1)+2
                 	LDS  R25,@0+(@1)+3
                 	.ENDM
                 
                 	.MACRO __PUTB1MN
                 	STS  @0+(@1),R30
                 	.ENDM
                 
                 	.MACRO __PUTW1MN
                 	STS  @0+(@1),R30
                 	STS  @0+(@1)+1,R31
                 	.ENDM
                 
                 	.MACRO __PUTD1MN
                 	STS  @0+(@1),R30
                 	STS  @0+(@1)+1,R31
                 	STS  @0+(@1)+2,R22
                 	STS  @0+(@1)+3,R23
                 	.ENDM
                 
                 	.MACRO __PUTB1EN
                 	LDI  R26,LOW(@0+(@1))
                 	LDI  R27,HIGH(@0+(@1))
                 	CALL __EEPROMWRB
                 	.ENDM
                 
                 	.MACRO __PUTW1EN
                 	LDI  R26,LOW(@0+(@1))
                 	LDI  R27,HIGH(@0+(@1))
                 	CALL __EEPROMWRW
                 	.ENDM
                 
                 	.MACRO __PUTD1EN
                 	LDI  R26,LOW(@0+(@1))
                 	LDI  R27,HIGH(@0+(@1))
                 	CALL __EEPROMWRD
                 	.ENDM
                 
                 	.MACRO __PUTBR0MN
                 	STS  @0+(@1),R0
                 	.ENDM
                 
                 	.MACRO __PUTBMRN
                 	STS  @0+(@1),R@2
                 	.ENDM
                 
                 	.MACRO __PUTWMRN
                 	STS  @0+(@1),R@2
                 	STS  @0+(@1)+1,R@3
                 	.ENDM
                 
                 	.MACRO __PUTBZR
                 	STD  Z+@1,R@0
                 	.ENDM
                 
                 	.MACRO __PUTWZR
                 	STD  Z+@2,R@0
                 	STD  Z+@2+1,R@1
                 	.ENDM
                 
                 	.MACRO __GETW1R
                 	MOV  R30,R@0
                 	MOV  R31,R@1
                 	.ENDM
                 
                 	.MACRO __GETW2R
                 	MOV  R26,R@0
                 	MOV  R27,R@1
                 	.ENDM
                 
                 	.MACRO __GETWRN
                 	LDI  R@0,LOW(@2)
                 	LDI  R@1,HIGH(@2)
                 	.ENDM
                 
                 	.MACRO __PUTW1R
                 	MOV  R@0,R30
                 	MOV  R@1,R31
                 	.ENDM
                 
                 	.MACRO __PUTW2R
                 	MOV  R@0,R26
                 	MOV  R@1,R27
                 	.ENDM
                 
                 	.MACRO __ADDWRN
                 	SUBI R@0,LOW(-@2)
                 	SBCI R@1,HIGH(-@2)
                 	.ENDM
                 
                 	.MACRO __ADDWRR
                 	ADD  R@0,R@2
                 	ADC  R@1,R@3
                 	.ENDM
                 
                 	.MACRO __SUBWRN
                 	SUBI R@0,LOW(@2)
                 	SBCI R@1,HIGH(@2)
                 	.ENDM
                 
                 	.MACRO __SUBWRR
                 	SUB  R@0,R@2
                 	SBC  R@1,R@3
                 	.ENDM
                 
                 	.MACRO __ANDWRN
                 	ANDI R@0,LOW(@2)
                 	ANDI R@1,HIGH(@2)
                 	.ENDM
                 
                 	.MACRO __ANDWRR
                 	AND  R@0,R@2
                 	AND  R@1,R@3
                 	.ENDM
                 
                 	.MACRO __ORWRN
                 	ORI  R@0,LOW(@2)
                 	ORI  R@1,HIGH(@2)
                 	.ENDM
                 
                 	.MACRO __ORWRR
                 	OR   R@0,R@2
                 	OR   R@1,R@3
                 	.ENDM
                 
                 	.MACRO __EORWRR
                 	EOR  R@0,R@2
                 	EOR  R@1,R@3
                 	.ENDM
                 
                 	.MACRO __GETWRS
                 	LDD  R@0,Y+@2
                 	LDD  R@1,Y+@2+1
                 	.ENDM
                 
                 	.MACRO __PUTBSR
                 	STD  Y+@1,R@0
                 	.ENDM
                 
                 	.MACRO __PUTWSR
                 	STD  Y+@2,R@0
                 	STD  Y+@2+1,R@1
                 	.ENDM
                 
                 	.MACRO __MOVEWRR
                 	MOV  R@0,R@2
                 	MOV  R@1,R@3
                 	.ENDM
                 
                 	.MACRO __INWR
                 	IN   R@0,@2
                 	IN   R@1,@2+1
                 	.ENDM
                 
                 	.MACRO __OUTWR
                 	OUT  @2+1,R@1
                 	OUT  @2,R@0
                 	.ENDM
                 
                 	.MACRO __CALL1MN
                 	LDS  R30,@0+(@1)
                 	LDS  R31,@0+(@1)+1
                 	ICALL
                 	.ENDM
                 
                 	.MACRO __CALL1FN
                 	LDI  R30,LOW(2*@0+(@1))
                 	LDI  R31,HIGH(2*@0+(@1))
                 	CALL __GETW1PF
                 	ICALL
                 	.ENDM
                 
                 	.MACRO __CALL2EN
                 	LDI  R26,LOW(@0+(@1))
                 	LDI  R27,HIGH(@0+(@1))
                 	CALL __EEPROMRDW
                 	ICALL
                 	.ENDM
                 
                 	.MACRO __GETW1STACK
                 	IN   R26,SPL
                 	IN   R27,SPH
                 	ADIW R26,@0+1
                 	LD   R30,X+
                 	LD   R31,X
                 	.ENDM
                 
                 	.MACRO __GETD1STACK
                 	IN   R26,SPL
                 	IN   R27,SPH
                 	ADIW R26,@0+1
                 	LD   R30,X+
                 	LD   R31,X+
                 	LD   R22,X
                 	.ENDM
                 
                 	.MACRO __NBST
                 	BST  R@0,@1
                 	IN   R30,SREG
                 	LDI  R31,0x40
                 	EOR  R30,R31
                 	OUT  SREG,R30
                 	.ENDM
                 
                 
                 	.MACRO __PUTB1SN
                 	LDD  R26,Y+@0
                 	LDD  R27,Y+@0+1
                 	SUBI R26,LOW(-@1)
                 	SBCI R27,HIGH(-@1)
                 	ST   X,R30
                 	.ENDM
                 
                 	.MACRO __PUTW1SN
                 	LDD  R26,Y+@0
                 	LDD  R27,Y+@0+1
                 	SUBI R26,LOW(-@1)
                 	SBCI R27,HIGH(-@1)
                 	ST   X+,R30
                 	ST   X,R31
                 	.ENDM
                 
                 	.MACRO __PUTD1SN
                 	LDD  R26,Y+@0
                 	LDD  R27,Y+@0+1
                 	SUBI R26,LOW(-@1)
                 	SBCI R27,HIGH(-@1)
                 	CALL __PUTDP1
                 	.ENDM
                 
                 	.MACRO __PUTB1SNS
                 	LDD  R26,Y+@0
                 	LDD  R27,Y+@0+1
                 	ADIW R26,@1
                 	ST   X,R30
                 	.ENDM
                 
                 	.MACRO __PUTW1SNS
                 	LDD  R26,Y+@0
                 	LDD  R27,Y+@0+1
                 	ADIW R26,@1
                 	ST   X+,R30
                 	ST   X,R31
                 	.ENDM
                 
                 	.MACRO __PUTD1SNS
                 	LDD  R26,Y+@0
                 	LDD  R27,Y+@0+1
                 	ADIW R26,@1
                 	CALL __PUTDP1
                 	.ENDM
                 
                 	.MACRO __PUTB1PMN
                 	LDS  R26,@0
                 	LDS  R27,@0+1
                 	SUBI R26,LOW(-@1)
                 	SBCI R27,HIGH(-@1)
                 	ST   X,R30
                 	.ENDM
                 
                 	.MACRO __PUTW1PMN
                 	LDS  R26,@0
                 	LDS  R27,@0+1
                 	SUBI R26,LOW(-@1)
                 	SBCI R27,HIGH(-@1)
                 	ST   X+,R30
                 	ST   X,R31
                 	.ENDM
                 
                 	.MACRO __PUTD1PMN
                 	LDS  R26,@0
                 	LDS  R27,@0+1
                 	SUBI R26,LOW(-@1)
                 	SBCI R27,HIGH(-@1)
                 	CALL __PUTDP1
                 	.ENDM
                 
                 	.MACRO __PUTB1PMNS
                 	LDS  R26,@0
                 	LDS  R27,@0+1
                 	ADIW R26,@1
                 	ST   X,R30
                 	.ENDM
                 
                 	.MACRO __PUTW1PMNS
                 	LDS  R26,@0
                 	LDS  R27,@0+1
                 	ADIW R26,@1
                 	ST   X+,R30
                 	ST   X,R31
                 	.ENDM
                 
                 	.MACRO __PUTD1PMNS
                 	LDS  R26,@0
                 	LDS  R27,@0+1
                 	ADIW R26,@1
                 	CALL __PUTDP1
                 	.ENDM
                 
                 	.MACRO __PUTB1RN
                 	MOVW R26,R@0
                 	SUBI R26,LOW(-@1)
                 	SBCI R27,HIGH(-@1)
                 	ST   X,R30
                 	.ENDM
                 
                 	.MACRO __PUTW1RN
                 	MOVW R26,R@0
                 	SUBI R26,LOW(-@1)
                 	SBCI R27,HIGH(-@1)
                 	ST   X+,R30
                 	ST   X,R31
                 	.ENDM
                 
                 	.MACRO __PUTD1RN
                 	MOVW R26,R@0
                 	SUBI R26,LOW(-@1)
                 	SBCI R27,HIGH(-@1)
                 	CALL __PUTDP1
                 	.ENDM
                 
                 	.MACRO __PUTB1RNS
                 	MOVW R26,R@0
                 	ADIW R26,@1
                 	ST   X,R30
                 	.ENDM
                 
                 	.MACRO __PUTW1RNS
                 	MOVW R26,R@0
                 	ADIW R26,@1
                 	ST   X+,R30
                 	ST   X,R31
                 	.ENDM
                 
                 	.MACRO __PUTD1RNS
                 	MOVW R26,R@0
                 	ADIW R26,@1
                 	CALL __PUTDP1
                 	.ENDM
                 
                 	.MACRO __PUTB1RON
                 	MOV  R26,R@0
                 	MOV  R27,R@1
                 	SUBI R26,LOW(-@2)
                 	SBCI R27,HIGH(-@2)
                 	ST   X,R30
                 	.ENDM
                 
                 	.MACRO __PUTW1RON
                 	MOV  R26,R@0
                 	MOV  R27,R@1
                 	SUBI R26,LOW(-@2)
                 	SBCI R27,HIGH(-@2)
                 	ST   X+,R30
                 	ST   X,R31
                 	.ENDM
                 
                 	.MACRO __PUTD1RON
                 	MOV  R26,R@0
                 	MOV  R27,R@1
                 	SUBI R26,LOW(-@2)
                 	SBCI R27,HIGH(-@2)
                 	CALL __PUTDP1
                 	.ENDM
                 
                 	.MACRO __PUTB1RONS
                 	MOV  R26,R@0
                 	MOV  R27,R@1
                 	ADIW R26,@2
                 	ST   X,R30
                 	.ENDM
                 
                 	.MACRO __PUTW1RONS
                 	MOV  R26,R@0
                 	MOV  R27,R@1
                 	ADIW R26,@2
                 	ST   X+,R30
                 	ST   X,R31
                 	.ENDM
                 
                 	.MACRO __PUTD1RONS
                 	MOV  R26,R@0
                 	MOV  R27,R@1
                 	ADIW R26,@2
                 	CALL __PUTDP1
                 	.ENDM
                 
                 
                 	.MACRO __GETB1SX
                 	MOVW R30,R28
                 	SUBI R30,LOW(-@0)
                 	SBCI R31,HIGH(-@0)
                 	LD   R30,Z
                 	.ENDM
                 
                 	.MACRO __GETB1HSX
                 	MOVW R30,R28
                 	SUBI R30,LOW(-@0)
                 	SBCI R31,HIGH(-@0)
                 	LD   R31,Z
                 	.ENDM
                 
                 	.MACRO __GETW1SX
                 	MOVW R30,R28
                 	SUBI R30,LOW(-@0)
                 	SBCI R31,HIGH(-@0)
                 	LD   R0,Z+
                 	LD   R31,Z
                 	MOV  R30,R0
                 	.ENDM
                 
                 	.MACRO __GETD1SX
                 	MOVW R30,R28
                 	SUBI R30,LOW(-@0)
                 	SBCI R31,HIGH(-@0)
                 	LD   R0,Z+
                 	LD   R1,Z+
                 	LD   R22,Z+
                 	LD   R23,Z
                 	MOVW R30,R0
                 	.ENDM
                 
                 	.MACRO __GETB2SX
                 	MOVW R26,R28
                 	SUBI R26,LOW(-@0)
                 	SBCI R27,HIGH(-@0)
                 	LD   R26,X
                 	.ENDM
                 
                 	.MACRO __GETW2SX
                 	MOVW R26,R28
                 	SUBI R26,LOW(-@0)
                 	SBCI R27,HIGH(-@0)
                 	LD   R0,X+
                 	LD   R27,X
                 	MOV  R26,R0
                 	.ENDM
                 
                 	.MACRO __GETD2SX
                 	MOVW R26,R28
                 	SUBI R26,LOW(-@0)
                 	SBCI R27,HIGH(-@0)
                 	LD   R0,X+
                 	LD   R1,X+
                 	LD   R24,X+
                 	LD   R25,X
                 	MOVW R26,R0
                 	.ENDM
                 
                 	.MACRO __GETBRSX
                 	MOVW R30,R28
                 	SUBI R30,LOW(-@1)
                 	SBCI R31,HIGH(-@1)
                 	LD   R@0,Z
                 	.ENDM
                 
                 	.MACRO __GETWRSX
                 	MOVW R30,R28
                 	SUBI R30,LOW(-@2)
                 	SBCI R31,HIGH(-@2)
                 	LD   R@0,Z+
                 	LD   R@1,Z
                 	.ENDM
                 
                 	.MACRO __GETBRSX2
                 	MOVW R26,R28
                 	SUBI R26,LOW(-@1)
                 	SBCI R27,HIGH(-@1)
                 	LD   R@0,X
                 	.ENDM
                 
                 	.MACRO __GETWRSX2
                 	MOVW R26,R28
                 	SUBI R26,LOW(-@2)
                 	SBCI R27,HIGH(-@2)
                 	LD   R@0,X+
                 	LD   R@1,X
                 	.ENDM
                 
                 	.MACRO __LSLW8SX
                 	MOVW R30,R28
                 	SUBI R30,LOW(-@0)
                 	SBCI R31,HIGH(-@0)
                 	LD   R31,Z
                 	CLR  R30
                 	.ENDM
                 
                 	.MACRO __PUTB1SX
                 	MOVW R26,R28
                 	SUBI R26,LOW(-@0)
                 	SBCI R27,HIGH(-@0)
                 	ST   X,R30
                 	.ENDM
                 
                 	.MACRO __PUTW1SX
                 	MOVW R26,R28
                 	SUBI R26,LOW(-@0)
                 	SBCI R27,HIGH(-@0)
                 	ST   X+,R30
                 	ST   X,R31
                 	.ENDM
                 
                 	.MACRO __PUTD1SX
                 	MOVW R26,R28
                 	SUBI R26,LOW(-@0)
                 	SBCI R27,HIGH(-@0)
                 	ST   X+,R30
                 	ST   X+,R31
                 	ST   X+,R22
                 	ST   X,R23
                 	.ENDM
                 
                 	.MACRO __CLRW1SX
                 	MOVW R26,R28
                 	SUBI R26,LOW(-@0)
                 	SBCI R27,HIGH(-@0)
                 	ST   X+,R30
                 	ST   X,R30
                 	.ENDM
                 
                 	.MACRO __CLRD1SX
                 	MOVW R26,R28
                 	SUBI R26,LOW(-@0)
                 	SBCI R27,HIGH(-@0)
                 	ST   X+,R30
                 	ST   X+,R30
                 	ST   X+,R30
                 	ST   X,R30
                 	.ENDM
                 
                 	.MACRO __PUTB2SX
                 	MOVW R30,R28
                 	SUBI R30,LOW(-@0)
                 	SBCI R31,HIGH(-@0)
                 	ST   Z,R26
                 	.ENDM
                 
                 	.MACRO __PUTW2SX
                 	MOVW R30,R28
                 	SUBI R30,LOW(-@0)
                 	SBCI R31,HIGH(-@0)
                 	ST   Z+,R26
                 	ST   Z,R27
                 	.ENDM
                 
                 	.MACRO __PUTD2SX
                 	MOVW R30,R28
                 	SUBI R30,LOW(-@0)
                 	SBCI R31,HIGH(-@0)
                 	ST   Z+,R26
                 	ST   Z+,R27
                 	ST   Z+,R24
                 	ST   Z,R25
                 	.ENDM
                 
                 	.MACRO __PUTBSRX
                 	MOVW R30,R28
                 	SUBI R30,LOW(-@1)
                 	SBCI R31,HIGH(-@1)
                 	ST   Z,R@0
                 	.ENDM
                 
                 	.MACRO __PUTWSRX
                 	MOVW R30,R28
                 	SUBI R30,LOW(-@2)
                 	SBCI R31,HIGH(-@2)
                 	ST   Z+,R@0
                 	ST   Z,R@1
                 	.ENDM
                 
                 	.MACRO __PUTB1SNX
                 	MOVW R26,R28
                 	SUBI R26,LOW(-@0)
                 	SBCI R27,HIGH(-@0)
                 	LD   R0,X+
                 	LD   R27,X
                 	MOV  R26,R0
                 	SUBI R26,LOW(-@1)
                 	SBCI R27,HIGH(-@1)
                 	ST   X,R30
                 	.ENDM
                 
                 	.MACRO __PUTW1SNX
                 	MOVW R26,R28
                 	SUBI R26,LOW(-@0)
                 	SBCI R27,HIGH(-@0)
                 	LD   R0,X+
                 	LD   R27,X
                 	MOV  R26,R0
                 	SUBI R26,LOW(-@1)
                 	SBCI R27,HIGH(-@1)
                 	ST   X+,R30
                 	ST   X,R31
                 	.ENDM
                 
                 	.MACRO __PUTD1SNX
                 	MOVW R26,R28
                 	SUBI R26,LOW(-@0)
                 	SBCI R27,HIGH(-@0)
                 	LD   R0,X+
                 	LD   R27,X
                 	MOV  R26,R0
                 	SUBI R26,LOW(-@1)
                 	SBCI R27,HIGH(-@1)
                 	ST   X+,R30
                 	ST   X+,R31
                 	ST   X+,R22
                 	ST   X,R23
                 	.ENDM
                 
                 	.MACRO __MULBRR
                 	MULS R@0,R@1
                 	MOVW R30,R0
                 	.ENDM
                 
                 	.MACRO __MULBRRU
                 	MUL  R@0,R@1
                 	MOVW R30,R0
                 	.ENDM
                 
                 	.MACRO __MULBRR0
                 	MULS R@0,R@1
                 	.ENDM
                 
                 	.MACRO __MULBRRU0
                 	MUL  R@0,R@1
                 	.ENDM
                 
                 	.MACRO __MULBNWRU
                 	LDI  R26,@2
                 	MUL  R26,R@0
                 	MOVW R30,R0
                 	MUL  R26,R@1
                 	ADD  R31,R0
                 	.ENDM
                 
                 ;NAME DEFINITIONS FOR GLOBAL VARIABLES ALLOCATED TO REGISTERS
                 	.DEF _i=R4
                 	.DEF _l=R6
                 	.DEF _time1=R8
                 	.DEF _time2=R10
                 	.DEF _chuc=R12
                 
                 	.CSEG
                 	.ORG 0x00
                 
                 ;START OF CODE MARKER
                 __START_OF_CODE:
                 
                 ;INTERRUPT VECTORS
000000 940c 0039 	JMP  __RESET
000002 940c 0000 	JMP  0x00
000004 940c 006e 	JMP  _ext_int1_isr
000006 940c 0000 	JMP  0x00
000008 940c 0000 	JMP  0x00
00000a 940c 0000 	JMP  0x00
00000c 940c 0000 	JMP  0x00
00000e 940c 0000 	JMP  0x00
000010 940c 0144 	JMP  _timer1_ovf_isr
000012 940c 0000 	JMP  0x00
000014 940c 0000 	JMP  0x00
000016 940c 00a2 	JMP  _usart_rx_isr
000018 940c 0000 	JMP  0x00
00001a 940c 0000 	JMP  0x00
00001c 940c 0000 	JMP  0x00
00001e 940c 0000 	JMP  0x00
000020 940c 0000 	JMP  0x00
000022 940c 0000 	JMP  0x00
000024 940c 0000 	JMP  0x00
000026 940c 0000 	JMP  0x00
000028 940c 0000 	JMP  0x00
                 
                 _tbl10_G101:
00002a 2710
00002b 03e8
00002c 0064
00002d 000a      	.DB  0x10,0x27,0xE8,0x3,0x64,0x0,0xA,0x0
00002e 0001      	.DB  0x1,0x0
                 _tbl16_G101:
00002f 1000
000030 0100
000031 0010
000032 0001      	.DB  0x0,0x10,0x0,0x1,0x10,0x0,0x1,0x0
                 
                 _0x53:
000033 00f0
000034 00bd      	.DB  0xF0,0x0,0xBD,0x0
                 
                 __GLOBAL_INI_TBL:
000035 0004      	.DW  0x04
000036 0008      	.DW  0x08
000037 0066      	.DW  _0x53*2
                 
                 _0xFFFFFFFF:
000038 0000      	.DW  0
                 
                 __RESET:
000039 94f8      	CLI
00003a 27ee      	CLR  R30
00003b bbec      	OUT  EECR,R30
                 
                 ;INTERRUPT VECTORS ARE PLACED
                 ;AT THE START OF FLASH
00003c e0f1      	LDI  R31,1
00003d bffb      	OUT  GICR,R31
00003e bfeb      	OUT  GICR,R30
00003f bfe5      	OUT  MCUCR,R30
                 
                 ;DISABLE WATCHDOG
000040 e1f8      	LDI  R31,0x18
000041 bdf1      	OUT  WDTCR,R31
000042 bde1      	OUT  WDTCR,R30
                 
                 ;CLEAR R2-R14
000043 e08d      	LDI  R24,(14-2)+1
000044 e0a2      	LDI  R26,2
000045 27bb      	CLR  R27
                 __CLEAR_REG:
000046 93ed      	ST   X+,R30
000047 958a      	DEC  R24
000048 f7e9      	BRNE __CLEAR_REG
                 
                 ;CLEAR SRAM
000049 e080      	LDI  R24,LOW(__CLEAR_SRAM_SIZE)
00004a e094      	LDI  R25,HIGH(__CLEAR_SRAM_SIZE)
00004b e6a0      	LDI  R26,__SRAM_START
                 __CLEAR_SRAM:
00004c 93ed      	ST   X+,R30
00004d 9701      	SBIW R24,1
00004e f7e9      	BRNE __CLEAR_SRAM
                 
                 ;GLOBAL VARIABLES INITIALIZATION
00004f e6ea      	LDI  R30,LOW(__GLOBAL_INI_TBL*2)
000050 e0f0      	LDI  R31,HIGH(__GLOBAL_INI_TBL*2)
                 __GLOBAL_INI_NEXT:
000051 9185      	LPM  R24,Z+
000052 9195      	LPM  R25,Z+
000053 9700      	SBIW R24,0
000054 f061      	BREQ __GLOBAL_INI_END
000055 91a5      	LPM  R26,Z+
000056 91b5      	LPM  R27,Z+
000057 9005      	LPM  R0,Z+
000058 9015      	LPM  R1,Z+
000059 01bf      	MOVW R22,R30
00005a 01f0      	MOVW R30,R0
                 __GLOBAL_INI_LOOP:
00005b 9005      	LPM  R0,Z+
00005c 920d      	ST   X+,R0
00005d 9701      	SBIW R24,1
00005e f7e1      	BRNE __GLOBAL_INI_LOOP
00005f 01fb      	MOVW R30,R22
000060 cff0      	RJMP __GLOBAL_INI_NEXT
                 __GLOBAL_INI_END:
                 
                 ;HARDWARE STACK POINTER INITIALIZATION
000061 e5ef      	LDI  R30,LOW(__SRAM_END-__HEAP_SIZE)
000062 bfed      	OUT  SPL,R30
000063 e0e4      	LDI  R30,HIGH(__SRAM_END-__HEAP_SIZE)
000064 bfee      	OUT  SPH,R30
                 
                 ;DATA STACK POINTER INITIALIZATION
000065 e6c0      	LDI  R28,LOW(__SRAM_START+__DSTACK_SIZE)
000066 e0d1      	LDI  R29,HIGH(__SRAM_START+__DSTACK_SIZE)
                 
000067 940c 0160 	JMP  _main
                 
                 	.ESEG
                 	.ORG 0
                 
                 	.DSEG
                 	.ORG 0x160
                 
                 	.CSEG
                 ;/*****************************************************
                 ;This program was produced by the
                 ;CodeWizardAVR V2.05.0 Professional
                 ;Automatic Program Generator
                 ;© Copyright 1998-2010 Pavel Haiduc, HP InfoTech s.r.l.
                 ;http://www.hpinfotech.com
                 ;
                 ;Project :
                 ;Version :
                 ;Date    : 12/20/2023
                 ;Author  : NeVaDa
                 ;Company :
                 ;Comments:
                 ;
                 ;
                 ;Chip type               : ATmega16
                 ;Program type            : Application
                 ;AVR Core Clock frequency: 8.000000 MHz
                 ;Memory model            : Small
                 ;External RAM size       : 0
                 ;Data Stack size         : 256
                 ;*****************************************************/
                 ;
                 ;#include <mega16.h>
                 	#ifndef __SLEEP_DEFINED__
                 	#define __SLEEP_DEFINED__
                 	.EQU __se_bit=0x40
                 	.EQU __sm_mask=0xB0
                 	.EQU __sm_powerdown=0x20
                 	.EQU __sm_powersave=0x30
                 	.EQU __sm_standby=0xA0
                 	.EQU __sm_ext_standby=0xB0
                 	.EQU __sm_adc_noise_red=0x10
                 	.SET power_ctrl_reg=mcucr
                 	#endif
                 ;#include <string.h>
                 ;#include <delay.h>
                 ;#include <stdio.h>
                 ;#define SW1_INT PIND.3;
                 ;#define ADC_VREF_TYPE 0x00
                 ;int i;
                 ;int l;
                 ;int time1=0xF0;
                 ;int time2=0xBD;
                 ;unsigned int chuc;
                 ;unsigned int dvi;
                 ;unsigned long nhietdo;
                 ;unsigned long ADC_out=0;
                 ;void uart_char_send(unsigned char chr){
                 ; 0000 0026 void uart_char_send(unsigned char chr){
                 
                 	.CSEG
                 _uart_char_send:
                 ; 0000 0027     while (!(UCSRA & (1<<UDRE))) {};
                 ;	chr -> Y+0
                 _0x3:
000069 9b5d      	SBIS 0xB,5
00006a cffe      	RJMP _0x3
                 ; 0000 0028             UDR=chr;
00006b 81e8      	LD   R30,Y
00006c b9ec      	OUT  0xC,R30
                 ; 0000 0029 }
00006d c0d4      	RJMP _0x2060001
                 ;void uart_string_send (unsigned char *txt){
                 ; 0000 002A void uart_string_send (unsigned char *txt){
                 ; 0000 002B     unsigned char n,i;
                 ; 0000 002C     n=strlen(txt);
                 ;	*txt -> Y+2
                 ;	n -> R17
                 ;	i -> R16
                 ; 0000 002D          for(i=0;i<n;i++){
                 ; 0000 002E          uart_char_send(txt[i]);}
                 ; 0000 002F }
                 ;// External Interrupt 1 service routine
                 ;interrupt [EXT_INT1] void ext_int1_isr(void)
                 ; 0000 0032 {
                 _ext_int1_isr:
00006e 920a      	ST   -Y,R0
00006f 921a      	ST   -Y,R1
000070 92fa      	ST   -Y,R15
000071 936a      	ST   -Y,R22
000072 937a      	ST   -Y,R23
000073 938a      	ST   -Y,R24
000074 939a      	ST   -Y,R25
000075 93aa      	ST   -Y,R26
000076 93ba      	ST   -Y,R27
000077 93ea      	ST   -Y,R30
000078 93fa      	ST   -Y,R31
000079 b7ef      	IN   R30,SREG
00007a 93ea      	ST   -Y,R30
                 ; 0000 0033 i+=1;
00007b 01f2      	MOVW R30,R4
00007c 9631      	ADIW R30,1
00007d 012f      	MOVW R4,R30
                 ; 0000 0034 chuc=(i/10);
00007e 01d2      	MOVW R26,R4
00007f e0ea      	LDI  R30,LOW(10)
000080 e0f0      	LDI  R31,HIGH(10)
000081 940e 022c 	CALL __DIVW21
000083 016f      	MOVW R12,R30
                 ; 0000 0035 dvi=(i%10);
000084 01d2      	MOVW R26,R4
000085 e0ea      	LDI  R30,LOW(10)
000086 e0f0      	LDI  R31,HIGH(10)
000087 940e 0256 	CALL __MODW21
000089 940e 01cd 	CALL SUBOPT_0x0
                 ; 0000 0036 //uart_char_send('T');
                 ; 0000 0037 uart_char_send(chuc+0x30);
                 ; 0000 0038 uart_char_send(dvi+0x30);
                 ; 0000 0039 //uart_char_send(10);
                 ; 0000 003A uart_char_send(13);
00008b e0ed      	LDI  R30,LOW(13)
00008c 93ea      	ST   -Y,R30
00008d dfdb      	RCALL _uart_char_send
                 ; 0000 003B delay_ms(500);
00008e efe4      	LDI  R30,LOW(500)
00008f e0f1      	LDI  R31,HIGH(500)
000090 93fa      	ST   -Y,R31
000091 93ea      	ST   -Y,R30
000092 940e 01e9 	CALL _delay_ms
                 ; 0000 003C }
000094 91e9      	LD   R30,Y+
000095 bfef      	OUT  SREG,R30
000096 91f9      	LD   R31,Y+
000097 91e9      	LD   R30,Y+
000098 91b9      	LD   R27,Y+
000099 91a9      	LD   R26,Y+
00009a 9199      	LD   R25,Y+
00009b 9189      	LD   R24,Y+
00009c 9179      	LD   R23,Y+
00009d 9169      	LD   R22,Y+
00009e 90f9      	LD   R15,Y+
00009f 9019      	LD   R1,Y+
0000a0 9009      	LD   R0,Y+
0000a1 9518      	RETI
                 ;interrupt [USART_RXC] void usart_rx_isr(void){
                 ; 0000 003D interrupt [12] void usart_rx_isr(void){
                 _usart_rx_isr:
0000a2 93ea      	ST   -Y,R30
0000a3 93fa      	ST   -Y,R31
0000a4 b7ef      	IN   R30,SREG
0000a5 93ea      	ST   -Y,R30
                 ; 0000 003E char data;
                 ; 0000 003F data=UDR;
0000a6 931a      	ST   -Y,R17
                 ;	data -> R17
0000a7 b11c      	IN   R17,12
                 ; 0000 0040 //uart_char_send(data);
                 ; 0000 0041 //dieukhien8LED
                 ; 0000 0042 if (data=='1'){
0000a8 3311      	CPI  R17,49
0000a9 f409      	BRNE _0x9
                 ; 0000 0043     PORTC.0=0x01;  }
0000aa 9aa8      	SBI  0x15,0
                 ; 0000 0044 if (data=='a'){
                 _0x9:
0000ab 3611      	CPI  R17,97
0000ac f409      	BRNE _0xC
                 ; 0000 0045     PORTC.0=0x00;  }
0000ad 98a8      	CBI  0x15,0
                 ; 0000 0046 if (data=='2'){
                 _0xC:
0000ae 3312      	CPI  R17,50
0000af f409      	BRNE _0xF
                 ; 0000 0047     PORTC.1=0x01;  }
0000b0 9aa9      	SBI  0x15,1
                 ; 0000 0048 if (data=='b'){
                 _0xF:
0000b1 3612      	CPI  R17,98
0000b2 f409      	BRNE _0x12
                 ; 0000 0049     PORTC.1=0x00;  }
0000b3 98a9      	CBI  0x15,1
                 ; 0000 004A if (data=='3'){
                 _0x12:
0000b4 3313      	CPI  R17,51
0000b5 f409      	BRNE _0x15
                 ; 0000 004B     PORTC.2=0x01;  }
0000b6 9aaa      	SBI  0x15,2
                 ; 0000 004C if (data=='c'){
                 _0x15:
0000b7 3613      	CPI  R17,99
0000b8 f409      	BRNE _0x18
                 ; 0000 004D     PORTC.2=0x00;  }
0000b9 98aa      	CBI  0x15,2
                 ; 0000 004E if (data=='4'){
                 _0x18:
0000ba 3314      	CPI  R17,52
0000bb f409      	BRNE _0x1B
                 ; 0000 004F     PORTC.3=0x01;  }
0000bc 9aab      	SBI  0x15,3
                 ; 0000 0050 if (data=='d'){
                 _0x1B:
0000bd 3614      	CPI  R17,100
0000be f409      	BRNE _0x1E
                 ; 0000 0051     PORTC.3=0x00;  }
0000bf 98ab      	CBI  0x15,3
                 ; 0000 0052 if (data=='5'){
                 _0x1E:
0000c0 3315      	CPI  R17,53
0000c1 f409      	BRNE _0x21
                 ; 0000 0053     PORTC.4=0x01;  }
0000c2 9aac      	SBI  0x15,4
                 ; 0000 0054 if (data=='e'){
                 _0x21:
0000c3 3615      	CPI  R17,101
0000c4 f409      	BRNE _0x24
                 ; 0000 0055     PORTC.4=0x00;  }
0000c5 98ac      	CBI  0x15,4
                 ; 0000 0056 if (data=='6'){
                 _0x24:
0000c6 3316      	CPI  R17,54
0000c7 f409      	BRNE _0x27
                 ; 0000 0057     PORTC.5=0x01;  }
0000c8 9aad      	SBI  0x15,5
                 ; 0000 0058 if (data=='f'){
                 _0x27:
0000c9 3616      	CPI  R17,102
0000ca f409      	BRNE _0x2A
                 ; 0000 0059     PORTC.5=0x00;  }
0000cb 98ad      	CBI  0x15,5
                 ; 0000 005A if (data=='7'){
                 _0x2A:
0000cc 3317      	CPI  R17,55
0000cd f409      	BRNE _0x2D
                 ; 0000 005B     PORTC.6=0x01;  }
0000ce 9aae      	SBI  0x15,6
                 ; 0000 005C if (data=='g'){
                 _0x2D:
0000cf 3617      	CPI  R17,103
0000d0 f409      	BRNE _0x30
                 ; 0000 005D     PORTC.6=0x00;  }
0000d1 98ae      	CBI  0x15,6
                 ; 0000 005E if (data=='8'){
                 _0x30:
0000d2 3318      	CPI  R17,56
0000d3 f409      	BRNE _0x33
                 ; 0000 005F     PORTC.7=0x01;  }
0000d4 9aaf      	SBI  0x15,7
                 ; 0000 0060 if (data=='h'){
                 _0x33:
0000d5 3618      	CPI  R17,104
0000d6 f409      	BRNE _0x36
                 ; 0000 0061     PORTC.7=0x00;  }
0000d7 98af      	CBI  0x15,7
                 ; 0000 0062 //dieukhiendenchithirun
                 ; 0000 0063 if (data=='x'){
                 _0x36:
0000d8 3718      	CPI  R17,120
0000d9 f411      	BRNE _0x39
                 ; 0000 0064     l=0;}
0000da 2466      	CLR  R6
0000db 2477      	CLR  R7
                 ; 0000 0065 if (data=='v'){
                 _0x39:
0000dc 3716      	CPI  R17,118
0000dd f419      	BRNE _0x3A
                 ; 0000 0066     l=1;}
0000de e0e1      	LDI  R30,LOW(1)
0000df e0f0      	LDI  R31,HIGH(1)
0000e0 013f      	MOVW R6,R30
                 ; 0000 0067 if (data=='q'){
                 _0x3A:
0000e1 3711      	CPI  R17,113
0000e2 f431      	BRNE _0x3B
                 ; 0000 0068     time1=0xF0;
0000e3 efe0      	LDI  R30,LOW(240)
0000e4 e0f0      	LDI  R31,HIGH(240)
0000e5 014f      	MOVW R8,R30
                 ; 0000 0069     time2=0xBD;}
0000e6 ebed      	LDI  R30,LOW(189)
0000e7 e0f0      	LDI  R31,HIGH(189)
0000e8 015f      	MOVW R10,R30
                 ; 0000 006A if (data=='w'){
                 _0x3B:
0000e9 3717      	CPI  R17,119
0000ea f431      	BRNE _0x3C
                 ; 0000 006B     time1=0xE1;
0000eb eee1      	LDI  R30,LOW(225)
0000ec e0f0      	LDI  R31,HIGH(225)
0000ed 014f      	MOVW R8,R30
                 ; 0000 006C     time2=0x7B;}
0000ee e7eb      	LDI  R30,LOW(123)
0000ef e0f0      	LDI  R31,HIGH(123)
0000f0 015f      	MOVW R10,R30
                 ; 0000 006D if (data=='r'){
                 _0x3C:
0000f1 3712      	CPI  R17,114
0000f2 f431      	BRNE _0x3D
                 ; 0000 006E     time1=0xD2;
0000f3 ede2      	LDI  R30,LOW(210)
0000f4 e0f0      	LDI  R31,HIGH(210)
0000f5 014f      	MOVW R8,R30
                 ; 0000 006F     time2=0x39;}
0000f6 e3e9      	LDI  R30,LOW(57)
0000f7 e0f0      	LDI  R31,HIGH(57)
0000f8 015f      	MOVW R10,R30
                 ; 0000 0070 if (data=='t'){
                 _0x3D:
0000f9 3714      	CPI  R17,116
0000fa f431      	BRNE _0x3E
                 ; 0000 0071     time1=0xC2;
0000fb ece2      	LDI  R30,LOW(194)
0000fc e0f0      	LDI  R31,HIGH(194)
0000fd 014f      	MOVW R8,R30
                 ; 0000 0072     time2=0xF6;}
0000fe efe6      	LDI  R30,LOW(246)
0000ff e0f0      	LDI  R31,HIGH(246)
000100 015f      	MOVW R10,R30
                 ; 0000 0073 if (data=='y'){
                 _0x3E:
000101 3719      	CPI  R17,121
000102 f431      	BRNE _0x3F
                 ; 0000 0074     time1=0xB3;
000103 ebe3      	LDI  R30,LOW(179)
000104 e0f0      	LDI  R31,HIGH(179)
000105 014f      	MOVW R8,R30
                 ; 0000 0075     time2=0xB4;}
000106 ebe4      	LDI  R30,LOW(180)
000107 e0f0      	LDI  R31,HIGH(180)
000108 015f      	MOVW R10,R30
                 ; 0000 0076 if (data=='u'){
                 _0x3F:
000109 3715      	CPI  R17,117
00010a f431      	BRNE _0x40
                 ; 0000 0077     time1=0xA4;
00010b eae4      	LDI  R30,LOW(164)
00010c e0f0      	LDI  R31,HIGH(164)
00010d 014f      	MOVW R8,R30
                 ; 0000 0078     time2=0x72;}
00010e e7e2      	LDI  R30,LOW(114)
00010f e0f0      	LDI  R31,HIGH(114)
000110 015f      	MOVW R10,R30
                 ; 0000 0079 if (data=='i'){
                 _0x40:
000111 3619      	CPI  R17,105
000112 f431      	BRNE _0x41
                 ; 0000 007A     time1=0x95;
000113 e9e5      	LDI  R30,LOW(149)
000114 e0f0      	LDI  R31,HIGH(149)
000115 014f      	MOVW R8,R30
                 ; 0000 007B     time2=0x30;}
000116 e3e0      	LDI  R30,LOW(48)
000117 e0f0      	LDI  R31,HIGH(48)
000118 015f      	MOVW R10,R30
                 ; 0000 007C if (data=='o'){
                 _0x41:
000119 361f      	CPI  R17,111
00011a f431      	BRNE _0x42
                 ; 0000 007D     time1=0x85;
00011b e8e5      	LDI  R30,LOW(133)
00011c e0f0      	LDI  R31,HIGH(133)
00011d 014f      	MOVW R8,R30
                 ; 0000 007E     time2=0xED;}
00011e eeed      	LDI  R30,LOW(237)
00011f e0f0      	LDI  R31,HIGH(237)
000120 015f      	MOVW R10,R30
                 ; 0000 007F if (data=='p'){
                 _0x42:
000121 3710      	CPI  R17,112
000122 f431      	BRNE _0x43
                 ; 0000 0080     time1=0x76;
000123 e7e6      	LDI  R30,LOW(118)
000124 e0f0      	LDI  R31,HIGH(118)
000125 014f      	MOVW R8,R30
                 ; 0000 0081     time2=0xAB;}
000126 eaeb      	LDI  R30,LOW(171)
000127 e0f0      	LDI  R31,HIGH(171)
000128 015f      	MOVW R10,R30
                 ; 0000 0082 if (data=='z'){
                 _0x43:
000129 371a      	CPI  R17,122
00012a f431      	BRNE _0x44
                 ; 0000 0083     time1=0x67;
00012b e6e7      	LDI  R30,LOW(103)
00012c e0f0      	LDI  R31,HIGH(103)
00012d 014f      	MOVW R8,R30
                 ; 0000 0084     time2=0x69;}
00012e e6e9      	LDI  R30,LOW(105)
00012f e0f0      	LDI  R31,HIGH(105)
000130 015f      	MOVW R10,R30
                 ; 0000 0085 }
                 _0x44:
000131 9119      	LD   R17,Y+
000132 91e9      	LD   R30,Y+
000133 bfef      	OUT  SREG,R30
000134 91f9      	LD   R31,Y+
000135 91e9      	LD   R30,Y+
000136 9518      	RETI
                 ;// Declare your global variables here
                 ;// Read the AD conversion result
                 ;unsigned int read_adc(unsigned char adc_input)
                 ; 0000 0089 {
                 _read_adc:
                 ; 0000 008A ADMUX=adc_input | (ADC_VREF_TYPE & 0xff);
                 ;	adc_input -> Y+0
000137 81e8      	LD   R30,Y
000138 b9e7      	OUT  0x7,R30
                 ; 0000 008B // Delay needed for the stabilization of the ADC input voltage
                 ; 0000 008C delay_us(10);
                +
000139 e18b     +LDI R24 , LOW ( 27 )
                +__DELAY_USB_LOOP :
00013a 958a     +DEC R24
00013b f7f1     +BRNE __DELAY_USB_LOOP
                 	__DELAY_USB 27
                 ; 0000 008D // Start the AD conversion
                 ; 0000 008E ADCSRA|=0x40;
00013c 9a36      	SBI  0x6,6
                 ; 0000 008F // Wait for the AD conversion to complete
                 ; 0000 0090 while ((ADCSRA & 0x10)==0);
                 _0x45:
00013d 9b34      	SBIS 0x6,4
00013e cffe      	RJMP _0x45
                 ; 0000 0091 ADCSRA|=0x10;
00013f 9a34      	SBI  0x6,4
                 ; 0000 0092 return ADCW;
000140 b1e4      	IN   R30,0x4
000141 b1f5      	IN   R31,0x4+1
                 _0x2060001:
000142 9621      	ADIW R28,1
000143 9508      	RET
                 ; 0000 0093 }
                 ;interrupt [TIM1_OVF] void timer1_ovf_isr(void)
                 ; 0000 0095 {  if(l==0){
                 _timer1_ovf_isr:
000144 920a      	ST   -Y,R0
000145 93ea      	ST   -Y,R30
000146 93fa      	ST   -Y,R31
000147 b7ef      	IN   R30,SREG
000148 93ea      	ST   -Y,R30
000149 2c06      	MOV  R0,R6
00014a 2807      	OR   R0,R7
00014b f411      	BRNE _0x48
                 ; 0000 0096    PORTB.1=0x00;}
00014c 98c1      	CBI  0x18,1
                 ; 0000 0097    else{if(l==1){
00014d c00c      	RJMP _0x4B
                 _0x48:
00014e e0e1      	LDI  R30,LOW(1)
00014f e0f0      	LDI  R31,HIGH(1)
000150 15e6      	CP   R30,R6
000151 05f7      	CPC  R31,R7
000152 f439      	BRNE _0x4C
                 ; 0000 0098    PORTB.1= ~PORTB.1;
000153 9bc1      	SBIS 0x18,1
000154 c002      	RJMP _0x4D
000155 98c1      	CBI  0x18,1
000156 c001      	RJMP _0x4E
                 _0x4D:
000157 9ac1      	SBI  0x18,1
                 _0x4E:
                 ; 0000 0099    TCNT1H = time1;
000158 bc8d      	OUT  0x2D,R8
                 ; 0000 009A    TCNT1L = time2;}}
000159 bcac      	OUT  0x2C,R10
                 _0x4C:
                 _0x4B:
                 ; 0000 009B 
                 ; 0000 009C }
00015a 91e9      	LD   R30,Y+
00015b bfef      	OUT  SREG,R30
00015c 91f9      	LD   R31,Y+
00015d 91e9      	LD   R30,Y+
00015e 9009      	LD   R0,Y+
00015f 9518      	RETI
                 ;void main(void)
                 ; 0000 009E {
                 _main:
                 ; 0000 009F // Declare your local variables here
                 ; 0000 00A0 
                 ; 0000 00A1 // Input/Output Ports initialization
                 ; 0000 00A2 // Port A initialization
                 ; 0000 00A3 // Func7=In Func6=In Func5=In Func4=In Func3=In Func2=In Func1=In Func0=In
                 ; 0000 00A4 // State7=T State6=T State5=T State4=T State3=T State2=T State1=T State0=T
                 ; 0000 00A5 PORTA=0x00;
000160 e0e0      	LDI  R30,LOW(0)
000161 bbeb      	OUT  0x1B,R30
                 ; 0000 00A6 DDRA=0x00;
000162 bbea      	OUT  0x1A,R30
                 ; 0000 00A7 
                 ; 0000 00A8 // Port B initialization
                 ; 0000 00A9 // Func7=In Func6=In Func5=In Func4=In Func3=In Func2=In Func1=In Func0=In
                 ; 0000 00AA // State7=T State6=T State5=T State4=T State3=T State2=T State1=T State0=T
                 ; 0000 00AB PORTB=0x00;
000163 bbe8      	OUT  0x18,R30
                 ; 0000 00AC DDRB=0xFF;
000164 efef      	LDI  R30,LOW(255)
000165 bbe7      	OUT  0x17,R30
                 ; 0000 00AD 
                 ; 0000 00AE // Port C initialization
                 ; 0000 00AF // Func7=Out Func6=Out Func5=Out Func4=Out Func3=Out Func2=Out Func1=Out Func0=Out
                 ; 0000 00B0 // State7=0 State6=0 State5=0 State4=0 State3=0 State2=0 State1=0 State0=0
                 ; 0000 00B1 PORTC=0x00;
000166 e0e0      	LDI  R30,LOW(0)
000167 bbe5      	OUT  0x15,R30
                 ; 0000 00B2 DDRC=0xFF;
000168 efef      	LDI  R30,LOW(255)
000169 bbe4      	OUT  0x14,R30
                 ; 0000 00B3 
                 ; 0000 00B4 // Port D initialization
                 ; 0000 00B5 // Func7=In Func6=In Func5=In Func4=In Func3=In Func2=In Func1=In Func0=In
                 ; 0000 00B6 // State7=T State6=T State5=T State4=T State3=T State2=T State1=T State0=T
                 ; 0000 00B7 PORTD=0x00;
00016a e0e0      	LDI  R30,LOW(0)
00016b bbe2      	OUT  0x12,R30
                 ; 0000 00B8 DDRD=0x00;
00016c bbe1      	OUT  0x11,R30
                 ; 0000 00B9 
                 ; 0000 00BA 
                 ; 0000 00BB // External Interrupt(s) initialization
                 ; 0000 00BC // INT0: Off
                 ; 0000 00BD // INT1: On
                 ; 0000 00BE // INT1 Mode: Falling Edge
                 ; 0000 00BF // INT2: Off
                 ; 0000 00C0 GICR|=0x80;
00016d b7eb      	IN   R30,0x3B
00016e 68e0      	ORI  R30,0x80
00016f bfeb      	OUT  0x3B,R30
                 ; 0000 00C1 MCUCR=0x08;
000170 e0e8      	LDI  R30,LOW(8)
000171 bfe5      	OUT  0x35,R30
                 ; 0000 00C2 MCUCSR=0x00;
000172 e0e0      	LDI  R30,LOW(0)
000173 bfe4      	OUT  0x34,R30
                 ; 0000 00C3 GIFR=0x80;
000174 e8e0      	LDI  R30,LOW(128)
000175 bfea      	OUT  0x3A,R30
                 ; 0000 00C4 
                 ; 0000 00C5 TCCR1B=0x05;
000176 e0e5      	LDI  R30,LOW(5)
000177 bdee      	OUT  0x2E,R30
                 ; 0000 00C6 // Timer(s)/Counter(s) Interrupt(s) initialization
                 ; 0000 00C7 TIMSK=0x04;
000178 e0e4      	LDI  R30,LOW(4)
000179 bfe9      	OUT  0x39,R30
                 ; 0000 00C8 TCNT1H = time1;
00017a bc8d      	OUT  0x2D,R8
                 ; 0000 00C9 TCNT1L = time2;
00017b bcac      	OUT  0x2C,R10
                 ; 0000 00CA 
                 ; 0000 00CB // USART initialization
                 ; 0000 00CC // Communication Parameters:
                 ; 0000 00CD //8 Data, 1 Stop, No Parity
                 ; 0000 00CE // USART Receiver: On
                 ; 0000 00CF // USART Transmitter: On
                 ; 0000 00D0 // USART Mode: Asynchronous
                 ; 0000 00D1 // USART Baud Rate: 9600
                 ; 0000 00D2 UCSRA=0x00;
00017c e0e0      	LDI  R30,LOW(0)
00017d b9eb      	OUT  0xB,R30
                 ; 0000 00D3 UCSRC=0x86;
00017e e8e6      	LDI  R30,LOW(134)
00017f bde0      	OUT  0x20,R30
                 ; 0000 00D4 UCSRB=0x98;
000180 e9e8      	LDI  R30,LOW(152)
000181 b9ea      	OUT  0xA,R30
                 ; 0000 00D5 UBRRH=0x00;
000182 e0e0      	LDI  R30,LOW(0)
000183 bde0      	OUT  0x20,R30
                 ; 0000 00D6 UBRRL=0x33;
000184 e3e3      	LDI  R30,LOW(51)
000185 b9e9      	OUT  0x9,R30
                 ; 0000 00D7 
                 ; 0000 00D8 // Analog Comparator initialization
                 ; 0000 00D9 // Analog Comparator: Off
                 ; 0000 00DA // Analog Comparator Input Capture by Timer/Counter 1: Off
                 ; 0000 00DB ACSR=0x80;
000186 e8e0      	LDI  R30,LOW(128)
000187 b9e8      	OUT  0x8,R30
                 ; 0000 00DC SFIOR=0x00;
000188 e0e0      	LDI  R30,LOW(0)
000189 bfe0      	OUT  0x30,R30
                 ; 0000 00DD 
                 ; 0000 00DE // ADC initialization
                 ; 0000 00DF // ADC Clock frequency: 1000.000 kHz
                 ; 0000 00E0 // ADC Voltage Reference: AREF pin
                 ; 0000 00E1 // ADC Auto Trigger Source: ADC Stopped
                 ; 0000 00E2 ADMUX=ADC_VREF_TYPE & 0xff;
00018a b9e7      	OUT  0x7,R30
                 ; 0000 00E3 ADCSRA=0x83;
00018b e8e3      	LDI  R30,LOW(131)
00018c b9e6      	OUT  0x6,R30
                 ; 0000 00E4 // SPI initialization
                 ; 0000 00E5 // SPI disabled
                 ; 0000 00E6 SPCR=0x00;
00018d e0e0      	LDI  R30,LOW(0)
00018e b9ed      	OUT  0xD,R30
                 ; 0000 00E7 
                 ; 0000 00E8 // TWI initialization
                 ; 0000 00E9 // TWI disabled
                 ; 0000 00EA TWCR=0x00;
00018f bfe6      	OUT  0x36,R30
                 ; 0000 00EB 
                 ; 0000 00EC // Global enable interrupts
                 ; 0000 00ED #asm("sei")
000190 9478      	sei
                 ; 0000 00EE 
                 ; 0000 00EF while (1)
                 _0x4F:
                 ; 0000 00F0       {
                 ; 0000 00F1       ADC_out=read_adc(0);
000191 e0e0      	LDI  R30,LOW(0)
000192 93ea      	ST   -Y,R30
000193 dfa3      	RCALL _read_adc
000194 2766      	CLR  R22
000195 2777      	CLR  R23
000196 93e0 0166 	STS  _ADC_out,R30
000198 93f0 0167 	STS  _ADC_out+1,R31
00019a 9360 0168 	STS  _ADC_out+2,R22
00019c 9370 0169 	STS  _ADC_out+3,R23
                 ; 0000 00F2       nhietdo=ADC_out*500/1023;
                +
00019e efa4     +LDI R26 , LOW ( 0x1F4 )
00019f e0b1     +LDI R27 , HIGH ( 0x1F4 )
0001a0 e080     +LDI R24 , BYTE3 ( 0x1F4 )
0001a1 e090     +LDI R25 , BYTE4 ( 0x1F4 )
                 	__GETD2N 0x1F4
0001a2 940e 01f9 	CALL __MULD12U
0001a4 01df      	MOVW R26,R30
0001a5 01cb      	MOVW R24,R22
                +
0001a6 efef     +LDI R30 , LOW ( 0x3FF )
0001a7 e0f3     +LDI R31 , HIGH ( 0x3FF )
0001a8 e060     +LDI R22 , BYTE3 ( 0x3FF )
0001a9 e070     +LDI R23 , BYTE4 ( 0x3FF )
                 	__GETD1N 0x3FF
0001aa 940e 0231 	CALL __DIVD21U
0001ac 93e0 0162 	STS  _nhietdo,R30
0001ae 93f0 0163 	STS  _nhietdo+1,R31
0001b0 9360 0164 	STS  _nhietdo+2,R22
0001b2 9370 0165 	STS  _nhietdo+3,R23
                 ; 0000 00F3 
                 ; 0000 00F4       chuc=(nhietdo/10);
0001b4 940e 01dc 	CALL SUBOPT_0x1
0001b6 940e 0231 	CALL __DIVD21U
0001b8 016f      	MOVW R12,R30
                 ; 0000 00F5       dvi=(nhietdo%10);
0001b9 940e 01dc 	CALL SUBOPT_0x1
0001bb 940e 0264 	CALL __MODD21U
0001bd 940e 01cd 	CALL SUBOPT_0x0
                 ; 0000 00F6 //    uart_string_send("nhiet do la:");
                 ; 0000 00F7       uart_char_send(chuc+0x30);
                 ; 0000 00F8       uart_char_send(dvi+0x30);
                 ; 0000 00F9       uart_char_send(10);
0001bf e0ea      	LDI  R30,LOW(10)
0001c0 93ea      	ST   -Y,R30
0001c1 dea7      	RCALL _uart_char_send
                 ; 0000 00FA       uart_char_send(13);
0001c2 e0ed      	LDI  R30,LOW(13)
0001c3 93ea      	ST   -Y,R30
0001c4 dea4      	RCALL _uart_char_send
                 ; 0000 00FB       delay_ms(200);
0001c5 ece8      	LDI  R30,LOW(200)
0001c6 e0f0      	LDI  R31,HIGH(200)
0001c7 93fa      	ST   -Y,R31
0001c8 93ea      	ST   -Y,R30
0001c9 940e 01e9 	CALL _delay_ms
                 ; 0000 00FC 
                 ; 0000 00FD       }
0001cb cfc5      	RJMP _0x4F
                 ; 0000 00FE }
                 _0x52:
0001cc cfff      	RJMP _0x52
                 
                 	.CSEG
                 	#ifndef __SLEEP_DEFINED__
                 	#endif
                 
                 	.CSEG
                 
                 	.CSEG
                 
                 	.DSEG
                 _dvi:
000160           	.BYTE 0x2
                 _nhietdo:
000162           	.BYTE 0x4
                 _ADC_out:
000166           	.BYTE 0x4
                 
                 	.CSEG
                 ;OPTIMIZER ADDED SUBROUTINE, CALLED 2 TIMES, CODE SIZE REDUCTION:10 WORDS
                 SUBOPT_0x0:
0001cd 93e0 0160 	STS  _dvi,R30
0001cf 93f0 0161 	STS  _dvi+1,R31
0001d1 2dec      	MOV  R30,R12
0001d2 5de0      	SUBI R30,-LOW(48)
0001d3 93ea      	ST   -Y,R30
0001d4 940e 0069 	CALL _uart_char_send
0001d6 91e0 0160 	LDS  R30,_dvi
0001d8 5de0      	SUBI R30,-LOW(48)
0001d9 93ea      	ST   -Y,R30
0001da 940c 0069 	JMP  _uart_char_send
                 
                 ;OPTIMIZER ADDED SUBROUTINE, CALLED 2 TIMES, CODE SIZE REDUCTION:7 WORDS
                 SUBOPT_0x1:
0001dc 91a0 0162 	LDS  R26,_nhietdo
0001de 91b0 0163 	LDS  R27,_nhietdo+1
0001e0 9180 0164 	LDS  R24,_nhietdo+2
0001e2 9190 0165 	LDS  R25,_nhietdo+3
                +
0001e4 e0ea     +LDI R30 , LOW ( 0xA )
0001e5 e0f0     +LDI R31 , HIGH ( 0xA )
0001e6 e060     +LDI R22 , BYTE3 ( 0xA )
0001e7 e070     +LDI R23 , BYTE4 ( 0xA )
                 	__GETD1N 0xA
0001e8 9508      	RET
                 
                 
                 	.CSEG
                 _delay_ms:
0001e9 91e9      	ld   r30,y+
0001ea 91f9      	ld   r31,y+
0001eb 9630      	adiw r30,0
0001ec f039      	breq __delay_ms1
                 __delay_ms0:
                +
0001ed ed80     +LDI R24 , LOW ( 0x7D0 )
0001ee e097     +LDI R25 , HIGH ( 0x7D0 )
                +__DELAY_USW_LOOP :
0001ef 9701     +SBIW R24 , 1
0001f0 f7f1     +BRNE __DELAY_USW_LOOP
                 	__DELAY_USW 0x7D0
0001f1 95a8      	wdr
0001f2 9731      	sbiw r30,1
0001f3 f7c9      	brne __delay_ms0
                 __delay_ms1:
0001f4 9508      	ret
                 
                 __ANEGW1:
0001f5 95f1      	NEG  R31
0001f6 95e1      	NEG  R30
0001f7 40f0      	SBCI R31,0
0001f8 9508      	RET
                 
                 __MULD12U:
0001f9 9f7a      	MUL  R23,R26
0001fa 2d70      	MOV  R23,R0
0001fb 9f6b      	MUL  R22,R27
0001fc 0d70      	ADD  R23,R0
0001fd 9ff8      	MUL  R31,R24
0001fe 0d70      	ADD  R23,R0
0001ff 9fe9      	MUL  R30,R25
000200 0d70      	ADD  R23,R0
000201 9f6a      	MUL  R22,R26
000202 2d60      	MOV  R22,R0
000203 0d71      	ADD  R23,R1
000204 9ffb      	MUL  R31,R27
000205 0d60      	ADD  R22,R0
000206 1d71      	ADC  R23,R1
000207 9fe8      	MUL  R30,R24
000208 0d60      	ADD  R22,R0
000209 1d71      	ADC  R23,R1
00020a 2788      	CLR  R24
00020b 9ffa      	MUL  R31,R26
00020c 2df0      	MOV  R31,R0
00020d 0d61      	ADD  R22,R1
00020e 1f78      	ADC  R23,R24
00020f 9feb      	MUL  R30,R27
000210 0df0      	ADD  R31,R0
000211 1d61      	ADC  R22,R1
000212 1f78      	ADC  R23,R24
000213 9fea      	MUL  R30,R26
000214 2de0      	MOV  R30,R0
000215 0df1      	ADD  R31,R1
000216 1f68      	ADC  R22,R24
000217 1f78      	ADC  R23,R24
000218 9508      	RET
                 
                 __DIVW21U:
000219 2400      	CLR  R0
00021a 2411      	CLR  R1
00021b e190      	LDI  R25,16
                 __DIVW21U1:
00021c 0faa      	LSL  R26
00021d 1fbb      	ROL  R27
00021e 1c00      	ROL  R0
00021f 1c11      	ROL  R1
000220 1a0e      	SUB  R0,R30
000221 0a1f      	SBC  R1,R31
000222 f418      	BRCC __DIVW21U2
000223 0e0e      	ADD  R0,R30
000224 1e1f      	ADC  R1,R31
000225 c001      	RJMP __DIVW21U3
                 __DIVW21U2:
000226 60a1      	SBR  R26,1
                 __DIVW21U3:
000227 959a      	DEC  R25
000228 f799      	BRNE __DIVW21U1
000229 01fd      	MOVW R30,R26
00022a 01d0      	MOVW R26,R0
00022b 9508      	RET
                 
                 __DIVW21:
00022c d03b      	RCALL __CHKSIGNW
00022d dfeb      	RCALL __DIVW21U
00022e f40e      	BRTC __DIVW211
00022f dfc5      	RCALL __ANEGW1
                 __DIVW211:
000230 9508      	RET
                 
                 __DIVD21U:
000231 933f      	PUSH R19
000232 934f      	PUSH R20
000233 935f      	PUSH R21
000234 2400      	CLR  R0
000235 2411      	CLR  R1
000236 2744      	CLR  R20
000237 2755      	CLR  R21
000238 e230      	LDI  R19,32
                 __DIVD21U1:
000239 0faa      	LSL  R26
00023a 1fbb      	ROL  R27
00023b 1f88      	ROL  R24
00023c 1f99      	ROL  R25
00023d 1c00      	ROL  R0
00023e 1c11      	ROL  R1
00023f 1f44      	ROL  R20
000240 1f55      	ROL  R21
000241 1a0e      	SUB  R0,R30
000242 0a1f      	SBC  R1,R31
000243 0b46      	SBC  R20,R22
000244 0b57      	SBC  R21,R23
000245 f428      	BRCC __DIVD21U2
000246 0e0e      	ADD  R0,R30
000247 1e1f      	ADC  R1,R31
000248 1f46      	ADC  R20,R22
000249 1f57      	ADC  R21,R23
00024a c001      	RJMP __DIVD21U3
                 __DIVD21U2:
00024b 60a1      	SBR  R26,1
                 __DIVD21U3:
00024c 953a      	DEC  R19
00024d f759      	BRNE __DIVD21U1
00024e 01fd      	MOVW R30,R26
00024f 01bc      	MOVW R22,R24
000250 01d0      	MOVW R26,R0
000251 01ca      	MOVW R24,R20
000252 915f      	POP  R21
000253 914f      	POP  R20
000254 913f      	POP  R19
000255 9508      	RET
                 
                 __MODW21:
000256 94e8      	CLT
000257 ffb7      	SBRS R27,7
000258 c004      	RJMP __MODW211
000259 95a0      	COM  R26
00025a 95b0      	COM  R27
00025b 9611      	ADIW R26,1
00025c 9468      	SET
                 __MODW211:
00025d fdf7      	SBRC R31,7
00025e df96      	RCALL __ANEGW1
00025f dfb9      	RCALL __DIVW21U
000260 01fd      	MOVW R30,R26
000261 f40e      	BRTC __MODW212
000262 df92      	RCALL __ANEGW1
                 __MODW212:
000263 9508      	RET
                 
                 __MODD21U:
000264 dfcc      	RCALL __DIVD21U
000265 01fd      	MOVW R30,R26
000266 01bc      	MOVW R22,R24
000267 9508      	RET
                 
                 __CHKSIGNW:
000268 94e8      	CLT
000269 fff7      	SBRS R31,7
00026a c002      	RJMP __CHKSW1
00026b df89      	RCALL __ANEGW1
00026c 9468      	SET
                 __CHKSW1:
00026d ffb7      	SBRS R27,7
00026e c006      	RJMP __CHKSW2
00026f 95a0      	COM  R26
000270 95b0      	COM  R27
000271 9611      	ADIW R26,1
000272 f800      	BLD  R0,0
000273 9403      	INC  R0
000274 fa00      	BST  R0,0
                 __CHKSW2:
000275 9508      	RET
                 
                 ;END OF CODE MARKER
                 __END_OF_CODE:


RESOURCE USE INFORMATION
------------------------

Notice:
The register and instruction counts are symbol table hit counts,
and hence implicitly used resources are not counted, eg, the
'lpm' instruction without operands implicitly uses r0 and z,
none of which are counted.

x,y,z are separate entities in the symbol table and are
counted separately from r26..r31 here.

.dseg memory usage only counts static data declared with .byte

ATmega16 register use summary:
r0 :  33 r1 :  17 r2 :   0 r3 :   0 r4 :   4 r5 :   0 r6 :   4 r7 :   3 
r8 :  12 r9 :   0 r10:  12 r11:   0 r12:   3 r13:   0 r14:   0 r15:   2 
r16:   0 r17:  31 r18:   0 r19:   4 r20:   7 r21:   6 r22:  22 r23:  20 
r24:  27 r25:  11 r26:  28 r27:  15 r28:   2 r29:   1 r30: 176 r31:  61 
x  :   3 y  :  54 z  :   7 
Registers used: 26 out of 35 (74.3%)

ATmega16 instruction use summary:
.lds  :   0 .lds.l:   0 .sts  :   0 .sts.l:   0 adc   :  11 add   :  11 
adiw  :   5 and   :   0 andi  :   0 asr   :   0 bclr  :   0 bld   :   1 
brbc  :   0 brbs  :   0 brcc  :   2 brcs  :   0 break :   0 breq  :   2 
brge  :   0 brhc  :   0 brhs  :   0 brid  :   0 brie  :   0 brlo  :   0 
brlt  :   0 brmi  :   0 brne  :  38 brpl  :   0 brsh  :   0 brtc  :   2 
brts  :   0 brvc  :   0 brvs  :   0 bset  :   0 bst   :   1 call  :  13 
cbi   :  10 cbr   :   0 clc   :   0 clh   :   0 cli   :   1 cln   :   0 
clr   :  13 cls   :   0 clt   :   2 clv   :   0 clz   :   0 com   :   4 
cp    :   1 cpc   :   1 cpi   :  28 cpse  :   0 dec   :   4 des   :   0 
eor   :   0 fmul  :   0 fmuls :   0 fmulsu:   0 icall :   0 ijmp  :   0 
in    :   7 inc   :   1 jmp   :  23 ld    :  24 ldd   :   0 ldi   : 105 
lds   :   5 lpm   :   7 lsl   :   2 lsr   :   0 mov   :   6 movw  :  41 
mul   :  10 muls  :   0 mulsu :   0 neg   :   2 nop   :   0 or    :   1 
ori   :   1 out   :  42 pop   :   3 push  :   3 rcall :  12 ret   :  11 
reti  :   3 rjmp  :  14 rol   :  10 ror   :   0 sbc   :   4 sbci  :   1 
sbi   :  11 sbic  :   0 sbis  :   3 sbiw  :   5 sbr   :   2 sbrc  :   1 
sbrs  :   3 sec   :   0 seh   :   0 sei   :   1 sen   :   0 ser   :   0 
ses   :   0 set   :   2 sev   :   0 sez   :   0 sleep :   0 spm   :   0 
st    :  33 std   :   0 sts   :  10 sub   :   2 subi  :   2 swap  :   0 
tst   :   0 wdr   :   1 
Instructions used: 56 out of 116 (48.3%)

ATmega16 memory use summary [bytes]:
Segment   Begin    End      Code   Data   Used    Size   Use%
---------------------------------------------------------------
[.cseg] 0x000000 0x0004ec   1230     30   1260   16384   7.7%
[.dseg] 0x000060 0x00016a      0     10     10    1119   0.9%
[.eseg] 0x000000 0x000000      0      0      0     512   0.0%

Assembly complete, 0 errors, 5 warnings
